XMAS
Auld Lang Syne
Blue Christmas
Deck the Halls
Feliz Navidad
Frosty the Snowman
Grandma Got Run Over by a Reindeer
Happy Christmas (War is over)
It's the Most Wonderful Time of the Year
Jingle Bell Rock
Jingle Bell Rock and Rocking Around the Christmas Tree
Jingle Bells
Jolly Ole Saint Nick
Joy to the World
Little Drummer Boy
Oh Christmas Tree
Please Come Home For Christmas
Rockin' Around the Christmas Tree
Rudolf the Red Nosed Reindeer
Santa Claus is Coming to Town
Silent Night
Silver Bells
The Christmas Song
The First Noel
We Three Kings
We Wish You a Merry Christmas
What Child is This
White Christmas
