Blue Suede Crew
Your Mama Don’t Dance
Folsom Prison Blues
That's Alright, Mamma
Jailhouse Rock
Wagon Wheel
Feeling Alright
Burning Love
Hound Dog
Breakup Song
Keep Your Hands to Yourself
Teddy Bear
Suspicious Minds
Birthday
Lay Down Sally
Call Me the Breeze
Polk Salad Annie
Little Sister
No Matter What
One After 909
Blue Suede Shoes
Proud Mary
Johnny B Goode
Suzie Q
I'm a Believer
CC Rider
Return to Sender
Teddy Bear
Mustang Sally
I'll Melt With You
All Shook Up
Big Hunk of Love
Moondance
Don't Be Cruel
Get Back
Runaway
Use Me
The Joker
Ain’t too Proud
