Laidback August 2023 Party
Amie
Band On The Run
Behind Blue Eyes
Blackwater
Brandy
California Dreaming
Cinnamon Girl
Crazy Little Thing Called Love
Crazy Love
Doctor My Eyes
Drift Away
Everybody Wants to Rule the World
From The Beginning
Get Back by Beatles
Get Together
Happy Together
Harvest Moon
I Can See Clearly Now
I’m Tore Down
If I Ever Lose My Faith In You
Kodachrome
Lady Madonna
Landslide
Last Dance with Mary Jane
Lay Down Sally
Long Cool Woman In A Black Dress
Lookin Out My Back Door
Love Me Two Times
Me and Julio Down
Moondance
Mrs Robinson with intro
New Kid In Town
No Matter What
Nowhere Man
Ob-La_Di, Ob-La-Da
One After 909
Peaceful Easy Feeling
Reelin' in the Years
Roadhouse Blues
Runnin on Empty
She's Not There
Sister Golden Hair
Smooth by Santana
Spooky
Sultans of Swing
Sunny Afternoon
Take It Easy
Ticket to Ride
Tin Man
Two of Us
Under the Boardwalk
Ventura Highway
Wild Nights
Your Mamma Don't Dance
