Ain't Talkin About Love
All Right Now
Bang a Gong
Birthday
Born on the Bayou
Born To Be Wild
Brass in Pocket
Brickhouse
Cinnamon Girl
Fortunate Son
Gimme Three Steps
Hit Me With Your Best Shot
Jumping Jack Flash
Just What I Needed
La Grange
Listen to the Music
Long Train Runnin
Love Her Madly
Mary Jane's Last Dance
Mony Mony
Moondance
Mustang Sally
Plush
Proud Mary
Rebel Yell
Roadhouse Blues
Rock and Roll
Rocky Mountain way
Sitting on the Dock of the Bay
Something
Stand By Me
Stray Cat Strut
Tush
Twist and Shout
Wonderful Tonight
