Ain't Talkin About Love
All Right Now
Bang a Gong
Basket Case
Birthday
Born on the Bayou
Born To Be Wild
Brass in Pocket
Brickhouse
Call me the Breeze
Cinnamon Girl
Don't Fear the Reaper
Dreams
Fortunate Son
Gimme Three Steps
Hanging on the Telephone
Highway Star
Hit Me With Your Best Shot
I Want You To Want Me
Jesse's Girl
Jumping Jack Flash
Just What I Needed
Kryptonite
La Bamba
La Grange
Lay Down Sally
Listen to the Music
Long Train Runnin
Love Her Madly
Mary Jane's Last Dance
Mony Mony
Moondance
Mustang Sally
New Sensation
One Way or Another
Plush
Proud Mary
Rebel Yell
Roadhouse Blues
Rock and Roll
ROCK in the USA
Rocky Mountain way
She Sells Sanctuary
Sitting on the Dock of the Bay
Something
Stand By Me
Stray Cat Strut
Sultans of Swing - Dire Straights
Summer of 69
Suzi Q
Taking Care of Business
Tush
Twist and Shout
Two Tickets to Paradise
What I Like About You
Wonderful Tonight
You Really Got Me
Your Momma Don't Dance
You Wreck Me
