Ronnie and the Originals
Angelina
Another Brick in the Wall
Desperado
Dust in the Wind
Everybody Wants to Rule the World
Grief
Hands of Time
Hold On
How Deep is Your Love (John)
How Deep is Your Love (Tommy)
I'll Have to Say I Love You in a Song
Isolation
Just Like Heaven
Kashmir
Last Man on Earth
Magellan
My Place with You
Now and Then minus John
Not Perfect
Rain Song
Stalkers
Strong Enough to Win
Summer Wind
The Reunion
The World is Ours
Treasure
Voices
Watching the Wheels
Isolation
Stalkers
Strong Enough to Win
What I've Already Heard
How Deep is Your Love (John)
How Deep is Your Love (Tommy)
Now and Then minus John
Summer Wind
Your Song
You've Got a Friend
Piano Man - Billy Joel
