Rose Creek
A Hard Day's Night - Beatles
All My Loving - Beatles
All You Need Is Love - Beatles
Good Lovin - The Rascals
Hey Jude - Beatles
Hotel California - Eagles
I've Just Seen a Face - Beatles
Imagine - John Lennon
Lay Down Sally - Eric Clapton
Love Her Madly - Doors
Lyin Eyes - Eagles
Margaritaville - Jimmy Buffett
Nowhere Man - Beatles
Peaceful, Easy Feeling - Eagles
Sitting on the Dock of the Bay - Otis Redding
The Load Out - Stay - Jackson Browne
Your Momma Don't Dance - Loggins and Messina
American Pie - Don McLean
Daydream Believer - Monkees
Different Devil - Chickenfoot
Heart of Chold - Neil Young
I'm a Believer - Monkees
Let It Be - Beatles
Norwegian Wood - Beatles
Sister Golden Hair - America
Something - Beatles
Space Oddity - David Bowie
Take It Easy - Eagles
Treasure - The Cure
Wild Nights - Van Morrison
