Veranda Band II
Angle From Montgomery
Another Brick in the Wall
Black Magic Woman
Black Water
Bring it on Home
California Dreamin
Call Me The Breeze
Can’t You See
Crazy Little Thing Called Love
Crazy Love
Crystal Blue Persuasion
Desperado
Draggin the Line
Drift Away
Get Back
Hard Country
Harvest Moon
Heart of Gold
Hollywood 
If It Hadn’t Been For Love
I’ll Be Your Baby Tonight
I Saw the Light
Kansas City
Lookin Out My Back Door
Love at the Five and Dime
Mary Jane's Last Dance
Me and Julio Down by the Schoolyard
Moondance 
Ohio
Old Love
Peaceful, Easy Feeling
Road House Blues
She's Not There
Smooth
Spooky
Summer Breeze
Summer Wind
Sunny Afternoon
Sunshine Superman
Teach Your Children
Tequila Sunrise
Under the Boardwalk
Venus
When Will I Be Loved
You Can Leave Your Hat On
