Elvis Songs
Are You Lonesome Tonight
Don't Be Cruel
I Can't Help Falling in Love
In the Ghetto
Suspicious Minds
Your Momma Don't Dance - Dave
Folsom Prison Blues - Dave
Wagon Wheel - Dave
Feeling Alright - Dave
Drift Away - Dave
That's Alright Momma
Jailhouse Rock
Burning Love
Hound Dog
You've Lost That Loving Feeling
Don't be Cruel
Proud Mary
One Night with You
Teddy Bear
Suspicious Minds
Lay Down Sally
Nowhere Man
One After 909
Polk Salad Annie
Little Sister
It's Now or Never
Blue Suede Shoes
Mystery Train
Love Me Tender
My Way
Suzie Q - Dave
For What It's Worth - Dave
Norwegian Wood
CC Rider
Return to Sender
All Shook Up
The Wonder of You
Heartbreak Hotel
Big Hunk of Love
I Can't Help Falling in Love
Runaway
