Glen Park
Bartender Blues - James Taylor
Brown Eyed Girl - Van Morrison
Different Devil - Chickenfoot
Good Lovin - The Rascals
A Hard Day's Night - Beatles
Hey Jude - Beatles
I'll Be Your Baby Tonight - Bob Dylan
Imagine - John Lennon
Lay Down Sally - Eric Clapton
Let It Be - Beatles
The Letter - Joe Cocker
Love Her Madly - Doors
Lyin Eyes - Eagles
Peaceful, Easy Feeling - Eagles
Revolution - Beatles
Sister Golden Hair - America
Sitting on the Dock of the Bay - Otis Redding
Something - Beatles
Soul Man - The Blues Brothers
Sultans of Swing - Dire Straights
Take It Easy - Eagles
Turn the Page - Bob Seager
Under the Boardwalk - The Drifters
Ventura Highway - America
Who'll Stop The Rain - Creedence Clearwater Revival
Wild Nights - Van Morrison
Your Momma Don't Dance - Loggins and Messina
