Aztec
Ventura Highway - America
Here Comes the Sun - George Harrison
Breakdown - Tom Petty
Dear Prudence - Beatles
Take It Easy - The Eagles
Imagine - John Lennon
From the Beginning - Emerson, Lake and Palmer
If I Fell - Beatles
Peaceful, Easy Feeling - The Eagles
Just a Song Before I Go - Graham Nash
Kodachrome - Paul Simon
You May Be Right - Billy Joel
Desperado - Eagles
Sister Golden Hair - America
Sitting on the Dock of the Bay - Otis Redding
Something - Beatles
Space Oddity - David Bowie
Norwegian Wood - Beatles
Landslide - Fleetwood Mac
Sweet Melissa - Greg Allman
Turn the Page - Bob Seager
Everybody Wants to Rule the World - Tears For Fears
I'll Melt With You - Modern English
Harvest Moon - Neil Young
Good Lovin - The Rascals
Voices - Red Shoes For Romeo
She's No Lady She's My Wife - Lyle Lovett
