Kent Fingerpicking Songs
All Of Me
Amazing Grace - John Newton 1779
Besame Mucho - Consuelo Velaquez
Angelina - Tommy
Blue Moon - Richard Rodgers/Lorenz Hart 1934
Classical Gas - Mason Williams
Deep River Blues - Tommy Emmanuel
Drive Time - Tommy
Freight Train - Elizabeth Cotton
Guitar Boogie - Arthur Smith 1945
Halfway Home - Tommy
I've Always Thought Of You - Tommy
Michelle - McCartney/Lennon
Mombosa - Tommy
Mood For A Day - Steve Howe
Ol' Brother Hubbard - Tommy
Only Elliot - Tommy
Those Who Wait - Tommy
To B Or Not 2 B - Chet Atkins
When I'm 64/Lady Madonna - Lennon/McCartney
Windy and Warm - John D Loudermilk
Stay Close To Me - Tommy
Eva Waits - Tommy Emmanuel
