Banging the Beatles - New Songs
All My Loving - Beatles
Beware of Darkness - George Harrison
Brandy - Looking Glass
California Dreamin - Moma's and Papa's
Crystal Blue Persuasion - Tommy James and The Shondells
Get Back - Beatles
Hang on Sloopy - The MaCoys
If I Fell - Beatles
I'll Be Back - Beatles
I'm Down - Beatles
It Won't Be Long - Beatles
Long Tall Sally - Little Richard
Love Potion #9 - The Searchers
Oh! Darling - Beatles
Roadhouse Blues - Doors
Soul Man - Sam and Dave
Treat Her Like a Lady - Cornelius Brothers and Sister Rose
Venus - Shocking Blue
While My Guitar Gently Weeps - Beatles
You Really Got a Hold on Me - Beatles
The End of the World - Skeeter Davis
