Banging the Beatles
Paint It Black - The Rolling Stones
Get Back - Beatles
Venus - Shocking Blue
Crystal Blue Persuasion - Tommy James and the Shondells
Hippy Hippy Shakes - Beatles
Boys - Beatles
Soul Man - Blues Brothers
Treat Her Like a Lady - The Temptations
Bad Boy - Beatles
Slow Down - Beatles
Back in the USSR - Beatles
Brandy - Looking Glass
It Won't Be Long - Beatles
Leave My Kitten Alone - Beatles
Roadhouse Blues - The Doors
I Saw Her Standing There - Beatles
Time Won't Let Me - The Ousiders
Draggin the Line - Tommy James
Baby It's You
You Can't Do That - Beatles
Gimme Good Lovin - Crazy Elephant
The Letter - Joe Cocker
Cryin' in the Rain - Cast of Shadows
