Steve's House
Midnight Special
Simple Man
The Last Time
Tupelo Honey
Green River - Creedence Clearwater
Love The One Your With - CSN - Steve Stills
Long Time Gone
Another Saturday Night - Sam Cooke
Green River - Green River
Burning Love - Elvis
Marie Marie - Shakin’ Stevens
Friend of the Devil
TWISTIN' THE NIGHT AWAY - Sam Cooke
Walking the Dog - The Rolling Stones
Let It Bleed - The Rolling Stones
I'm On Fire - Bruce Springsteen
You Aint Going Nowhere - The Byrds
You Got It - Roy Orbison
Feel A Whole Lot Better - Byrds
