Ceremony Set 4
Something
Blackbird - Beatles
Ramble On
Soul Man
All My Loving - Beatles
Tears In Heaven
Mary Janes Last Dance - Tom Petty 
Nights In White Satin - Moody Blues
Knocking On Heaven's Door
Here Comes The Sun
Dust In The Wind
Can't Find My Way Home
Southern Cross - Crosby Stills And Nash
Reeling In The Years
Running On Empty Acoustic
Helplessly Hoping - Stephen Stills
Badge
Drugstore Novels
In My Life
Little Wing 
Feeling Alright
Four and Twenty
Listen to the Music
Wooden Ships
Midnight Rider
Melissa
