Crashing Waves
Daydream Believer
Nowhere Man
I Saw the Light
I Shot the Sheriff
Breakdown
From the Beginning
Have you Ever Seen the Rain
Hotel California
Listen to the Music
Moondance
Mary Jane's Last Dance
Space Oddity
Take it Easy
Tequila Sunrise
Ventura Highway
Can't Find My Way Home
Crystal Blue Persuasion
Harvest Moon
Love Potion #9
Lyin Eyes
Peaceful, Easy Feeling
Spooky
Stray Cat Strut
Summer Breeze
Amie
Walk Away
Sitting on the Dock of the Bay
Bad Moon Rising
Best of My Love
Wish You Were Here
