Fiddlers Dream
Blackbird - Beatles
Desperado - The Eagles
Different Devil - Chickenfoot
Drugstore Novels - Cast of Shadows
Eva Waits - Tommy Emmanuel
Everybody's Talking - Harry Nilsson
Farewell to You - White Lion
Fire and Rain - James Taylor
Grief - Mike Fraser
Here Comes the Sun - George Harrison
Here Today - Paul McCartney
Hold On - Kansas
Imagine - John Lennon
In the Ghetto - Elvis Presley
The Joker - Steve Miller
Let It Be - Beatles
The Load Out - Stay - Jackson Browne
Love Her Madly - Doors
Lyin' Eyes - Eagles
Maggie May - Rod Stewart
Peaceful, Easy Feeling - Eagles
Rain Song - Led Zepplin
Revolution - Beatles
Sister Golden Hair - America
Something - Beatles
Starting Over - John Lennon
Suspicous Minds - Elvis Presley
Take It Easy - Eagles
Treasure - The Cure
What a Wonderful World - Louis Armstrong [E]
What I've Already Heard - Mike Fraser
Young as You - Mike Fraser
Full Circle - Mike Fraser
You Don't Wanna Get You One of Those - Mark Knofler
