Janine
Peaceful, Easy Feeling
I Can See Clearly Now
I've Just Seen a Face
Best of My Love
Stand By Me
Doctor My Eyes
Mary Jane's Last Dance
Nowhere Man
Norwegian Wood
Behind Blue Eyes
Harvest Moon
Black Water
Suite Judy Blue Eyes
Seven Bridges Road
New Kid in Town
Ventura Highway
Under the Boardwalk
Sultans of Swing
One After 909
Lay Down Sally
Your Momma Don't Dance
Wild Nights
The Letter
Don't Let Me Down
Take It Easy
California Dreaming
While My Guitar Gently Weeps
Soul Man
Running on Empty
Do It Again
From the Beginning
Landslide
Drugstore Novels
Something
Angel From Montgomery
Pink Houses
Melissa
Moon Dance
Knocking On Heaven's Door
Desperado
Let It Be
If I Ever Lose My Faith In You
Lyin Eyes
All You Need Is Love
All My Loving
A Day in A Life
Seen All Good People/Your Move
Already Gone
Can't Find My Way Home
Dust in the Wind
Find the Cost of Freedom/Ohio
Tears in Heaven