Maynards
All Along the Watchtower  - Jimmy Hendrix
Black Magic Woman - Santana
Born Under a Bad Sign - Cream
Brown Eyed Girl - Van Morrison
Crossroads - Cream
Fast as you  - Dwight Yokum
Get Back - The Beatles
Here Comes the Sun - Beatles
I've just seen a Face - Beatles
Knocking on Heaven's Door - Bob Dylan
Like a Rolling Stone - Bob Dylan
Little Wing - Jimmy Hendrix
My Sweet Lord - George Harrison
Norwegian Wood - Beatles
One after 909 - The Beatles
Outside Woman Blues - Cream
Oyo como va - Santana
Peaceful Easy Feeling - Eagles
Ramblin Man - Allman Brothers *
Running Down a Dream - Tom Petty
Stand By Me
The Wind Cries Mary - Jimmy Hendrix
While my Guitar Gently Weeps - Beatles
Last Dance with Mary Jane - Tom Petty
With a Little Help From my Friends - Beatles
Fire - Hendrix
Good Times Bad Times - Led Zepplin
Purple Haze - Hendrx
Stormy Monday - Allman Brothers
Summertime
You've Got a Friend - James Taylor
Hotel California - Eagles