Mikey
A Whiter Shade Of Pale - Procol Harum
Bartender Blues - James Taylor
California Dreamin - Moma's and Papa's
Can't Find My Way Home - Blind Faith
Daydream Believer - Monkees
Goodbye Yellow Brick Road - Elton John
Hands of Time - Red Shoes for Romeo
I Can't Stop Loving You
I Saw the Light - Todd Rundgren
I'll Be Your Baby Tonight - Bob Dylan
I'll Cry Instead - Beatles
If I Fell - Beatles
Just My Imagination
Kodachrome - Paul Simon
Look for America
Me and Julio Down by the Schoolyard - Paul Simon
Never Ending Love For You
Never Going Back Again - Fleetwood Mac
Nowhere Man - Beatles
One More Night - Bob Dylan
Our House - Crosby, Stills and Nash
Pancho and Lefty - Townes Van Zandt
Peaceful, Easy Feeling - Eagles
Piano Man - Billy Joel
She Came in Through the Bathroom Windo - Beatles
Stray Cat Strut - Stray Cats
Summer Breeze - Seals & Crofts
That's What You Get For Loving Me - Mike Staples
Watching the Wheels - John Lennon
What Goes on in Your Heart