No Banter - Sunday Gig
Amie
Bad Moon Rising
Black Water
California Dreamin
Crazy Little Thing Called Love
Crazy Love
Daydream Believer
End of the Line
Happy Together
I Saw the Light
I’ll Cry Instead
Kodachrome
Lady Madonna
Looking Out My Back Door
Love at the Five and Dime
Me and Julio Down by the School Yard
Mrs. Robinson
Never Ending Song of Love
Nowhere Man
One After 909
Peaceful, Easy Feeling
Secret Agent Man
Stray Cat Strut
Summer Breeze
Sunny Afternoon
Tell Me Why
Tequilla Sunrise
Two of Us
