Set 4
Lucky Man - Emerson, Lake and Palmer
Dust in the Wind - Kansas
Your Move - Yes
Southern Cross - Crosby, Stills & Nash
Tears in Heaven - Eric Clapton
Blackbird - Beatles
Something - Beatles
Desperado - Eagles
Crossroads - Cream
Here Comes the Sun - Beatles
I'm Your Captain - Grand Funk Railroad
Midnight Rider - Allman Brothers
Let It Be - Beatles
Listen to the Music - Doobie Brothers
Lyin Eyes - Eagles
In My Life - Beatles
Tequila Sunrise - Eagles
Four & Twenty - Stephen Stills
A Day in a Life - Beatles
Cocaine - Eric Clapton
Turn the Page - Bob Seager
