KARR
Badge
Best of My Love - Eagles
Blackbird - Beatles
Bring It on Home
Can't find My Way Home - Steve Windwood
Can't You See - Marshall Tucker
Casey Jones - Grateful Dead
Drugstore Novels - Cast of Shadows
Dust in the Wind - Kansas
For What It's Worth
From the Beginning - ELP
Gold Dust Woman
Hold On/Your Move - Triumph/Yes
Landslide - Fleetwood Mac
Let It Be - Beatles
Locomotive Breath - Jethro Tull
Lucky Man - ELP
Lyin Eyes - Eagles
Norwegian Wood - Beatles
Panama Red
Pink Houses - John Cougar
Ramblin' Man - Allman Brothers
Seven Bridges Road - Eagles
Sister Golden Hair - America
Something - Beatles
Southern Cross
Space Oddity - David Bowie
Stuck in the Middle With You - Stealers Wheel
Take It Easy - Eagles
Tequila Sunrise - Eagles
The Weight
Turn the Page - Bob Segar
Under the Boardwalk - Drifters
Wagon Wheel - Darius Rucker
What I Like About You - Romantics
Wild Nights - Van Morrison
Wish You Were Here - Pink Floyd
