Jackie's Gig August 20
Tin Man - America
She's Not There - The Zombies
California Dreamin
Sister Golden Hair - America
Get Together - The Youngbloods
Crazy Love - Poco
Ventura Highway - America
Nowhere Man - Beatles
Sunny Afternoon - Kinks
Under the Boardwalk
I Can See Clearly Now - Johnny Nash
You Can't Do That - Beatles
Happy Together - The Turtles
If I Ever Lose My Faith In You - Sting
No Matter What - Badfinger
Listen to the Music - Doobie Brothers
Your Momma Don't Dance - Loggins and Messina
Crazy Little Thing Called Love - Queen
Ob La Di, Ob La Da - Beatles
Wild Nights
Spooky
One After 909 - Beatles
I’m Tore Down - Eric Clapton
Running on Empty - Jackson Browne
Get Back - Beatles
Two of Us - Beatles
Black Water - Doobie Brothers
Harvest Moon - Neil Young
Cinnamon Girl - Neil Young
Band on the Run - Beatles
Sultans of Swing - Dire Straights
Lady Madonna - Beatles
Kodachrome - Simon & Garfunkel
Moondance - Van Morrison
