Laidback Set 1
Ventura Highway
You Can't Do That
Your Momma Don't Dance
Lady Madonna
No Matter What
She's Not There
Running On Empty
Tin Man
Sunny Afternoon
Sister Golden Hair
Black Horse and A Cherry Tree
One After 909
Lay Down Sally
Seven Bridges Road
Sultans of Swing
Oh Bla Di, Oh Bla Da
Moondance
Wild Nights
Soul Man
Two of Us
Get Back
If I Ever Lose My Faith In You
Nowhere Man
Listen To The Music
I'm Tore Down
Crazy Little Thing Called Love
Mrs. Robinson
Kodachrome
Landslide
Spooky
I Saw the Light
Happy Together
Band on the Run
Valerie
Harvest Moon
Get Together
Drift Away
Under The Boardwalk
I Can See Clearly Now
Doctor My Eyes
Daydream Believer
Crazy Love
Cinnamon Girl
California Dreamin
Black Water
ROCK. in the USA
